{"C:\\Users\\tpete\\Desktop\\TestAPI\\index.js": {"path":"C:\\Users\\tpete\\Desktop\\TestAPI\\index.js","statementMap":{"0":{"start":{"line":1,"column":16},"end":{"line":1,"column":34}},"1":{"start":{"line":2,"column":12},"end":{"line":2,"column":21}},"2":{"start":{"line":4,"column":0},"end":{"line":4,"column":24}},"3":{"start":{"line":6,"column":15},"end":{"line":6,"column":32}},"4":{"start":{"line":7,"column":15},"end":{"line":7,"column":43}},"5":{"start":{"line":9,"column":0},"end":{"line":18,"column":3}},"6":{"start":{"line":10,"column":22},"end":{"line":15,"column":3}},"7":{"start":{"line":16,"column":2},"end":{"line":16,"column":30}},"8":{"start":{"line":17,"column":2},"end":{"line":17,"column":36}},"9":{"start":{"line":21,"column":0},"end":{"line":23,"column":3}},"10":{"start":{"line":22,"column":2},"end":{"line":22,"column":37}},"11":{"start":{"line":25,"column":0},"end":{"line":31,"column":3}},"12":{"start":{"line":26,"column":33},"end":{"line":26,"column":47}},"13":{"start":{"line":27,"column":2},"end":{"line":29,"column":3}},"14":{"start":{"line":28,"column":4},"end":{"line":28,"column":74}},"15":{"start":{"line":30,"column":2},"end":{"line":30,"column":63}},"16":{"start":{"line":37,"column":0},"end":{"line":39,"column":3}},"17":{"start":{"line":38,"column":2},"end":{"line":38,"column":37}},"18":{"start":{"line":42,"column":16},"end":{"line":42,"column":18}},"19":{"start":{"line":43,"column":16},"end":{"line":43,"column":17}},"20":{"start":{"line":45,"column":0},"end":{"line":47,"column":3}},"21":{"start":{"line":46,"column":2},"end":{"line":46,"column":34}},"22":{"start":{"line":49,"column":0},"end":{"line":53,"column":3}},"23":{"start":{"line":50,"column":22},"end":{"line":50,"column":54}},"24":{"start":{"line":51,"column":2},"end":{"line":51,"column":30}},"25":{"start":{"line":52,"column":2},"end":{"line":52,"column":36}},"26":{"start":{"line":55,"column":0},"end":{"line":59,"column":3}},"27":{"start":{"line":56,"column":19},"end":{"line":56,"column":72}},"28":{"start":{"line":56,"column":39},"end":{"line":56,"column":71}},"29":{"start":{"line":57,"column":2},"end":{"line":57,"column":69}},"30":{"start":{"line":57,"column":17},"end":{"line":57,"column":69}},"31":{"start":{"line":58,"column":2},"end":{"line":58,"column":33}},"32":{"start":{"line":61,"column":0},"end":{"line":66,"column":3}},"33":{"start":{"line":62,"column":14},"end":{"line":62,"column":72}},"34":{"start":{"line":62,"column":39},"end":{"line":62,"column":71}},"35":{"start":{"line":63,"column":2},"end":{"line":63,"column":70}},"36":{"start":{"line":63,"column":18},"end":{"line":63,"column":70}},"37":{"start":{"line":64,"column":2},"end":{"line":64,"column":54}},"38":{"start":{"line":65,"column":2},"end":{"line":65,"column":39}},"39":{"start":{"line":68,"column":0},"end":{"line":73,"column":3}},"40":{"start":{"line":69,"column":14},"end":{"line":69,"column":72}},"41":{"start":{"line":69,"column":39},"end":{"line":69,"column":71}},"42":{"start":{"line":70,"column":2},"end":{"line":70,"column":70}},"43":{"start":{"line":70,"column":18},"end":{"line":70,"column":70}},"44":{"start":{"line":71,"column":2},"end":{"line":71,"column":27}},"45":{"start":{"line":72,"column":2},"end":{"line":72,"column":56}},"46":{"start":{"line":75,"column":0},"end":{"line":75,"column":21}},"47":{"start":{"line":77,"column":0},"end":{"line":80,"column":1}},"48":{"start":{"line":78,"column":15},"end":{"line":78,"column":39}},"49":{"start":{"line":79,"column":2},"end":{"line":79,"column":72}},"50":{"start":{"line":79,"column":25},"end":{"line":79,"column":70}},"51":{"start":{"line":83,"column":0},"end":{"line":83,"column":21}},"52":{"start":{"line":86,"column":0},"end":{"line":89,"column":1}},"53":{"start":{"line":87,"column":15},"end":{"line":87,"column":39}},"54":{"start":{"line":88,"column":2},"end":{"line":88,"column":84}},"55":{"start":{"line":88,"column":25},"end":{"line":88,"column":82}}},"fnMap":{"0":{"name":"(anonymous_0)","decl":{"start":{"line":9,"column":50},"end":{"line":9,"column":51}},"loc":{"start":{"line":9,"column":64},"end":{"line":18,"column":1}},"line":9},"1":{"name":"(anonymous_1)","decl":{"start":{"line":21,"column":25},"end":{"line":21,"column":26}},"loc":{"start":{"line":21,"column":39},"end":{"line":23,"column":1}},"line":21},"2":{"name":"(anonymous_2)","decl":{"start":{"line":25,"column":27},"end":{"line":25,"column":28}},"loc":{"start":{"line":25,"column":41},"end":{"line":31,"column":1}},"line":25},"3":{"name":"(anonymous_3)","decl":{"start":{"line":37,"column":25},"end":{"line":37,"column":26}},"loc":{"start":{"line":37,"column":39},"end":{"line":39,"column":1}},"line":37},"4":{"name":"(anonymous_4)","decl":{"start":{"line":45,"column":25},"end":{"line":45,"column":26}},"loc":{"start":{"line":45,"column":39},"end":{"line":47,"column":1}},"line":45},"5":{"name":"(anonymous_5)","decl":{"start":{"line":49,"column":26},"end":{"line":49,"column":27}},"loc":{"start":{"line":49,"column":40},"end":{"line":53,"column":1}},"line":49},"6":{"name":"(anonymous_6)","decl":{"start":{"line":55,"column":29},"end":{"line":55,"column":30}},"loc":{"start":{"line":55,"column":43},"end":{"line":59,"column":1}},"line":55},"7":{"name":"(anonymous_7)","decl":{"start":{"line":56,"column":34},"end":{"line":56,"column":35}},"loc":{"start":{"line":56,"column":39},"end":{"line":56,"column":71}},"line":56},"8":{"name":"(anonymous_8)","decl":{"start":{"line":61,"column":29},"end":{"line":61,"column":30}},"loc":{"start":{"line":61,"column":43},"end":{"line":66,"column":1}},"line":61},"9":{"name":"(anonymous_9)","decl":{"start":{"line":62,"column":34},"end":{"line":62,"column":35}},"loc":{"start":{"line":62,"column":39},"end":{"line":62,"column":71}},"line":62},"10":{"name":"(anonymous_10)","decl":{"start":{"line":68,"column":32},"end":{"line":68,"column":33}},"loc":{"start":{"line":68,"column":46},"end":{"line":73,"column":1}},"line":68},"11":{"name":"(anonymous_11)","decl":{"start":{"line":69,"column":34},"end":{"line":69,"column":35}},"loc":{"start":{"line":69,"column":39},"end":{"line":69,"column":71}},"line":69},"12":{"name":"(anonymous_12)","decl":{"start":{"line":79,"column":19},"end":{"line":79,"column":20}},"loc":{"start":{"line":79,"column":25},"end":{"line":79,"column":70}},"line":79},"13":{"name":"(anonymous_13)","decl":{"start":{"line":88,"column":19},"end":{"line":88,"column":20}},"loc":{"start":{"line":88,"column":25},"end":{"line":88,"column":82}},"line":88}},"branchMap":{"0":{"loc":{"start":{"line":14,"column":11},"end":{"line":14,"column":46}},"type":"cond-expr","locations":[{"start":{"line":14,"column":22},"end":{"line":14,"column":39}},{"start":{"line":14,"column":42},"end":{"line":14,"column":46}}],"line":14},"1":{"loc":{"start":{"line":26,"column":33},"end":{"line":26,"column":47}},"type":"binary-expr","locations":[{"start":{"line":26,"column":33},"end":{"line":26,"column":41}},{"start":{"line":26,"column":45},"end":{"line":26,"column":47}}],"line":26},"2":{"loc":{"start":{"line":27,"column":2},"end":{"line":29,"column":3}},"type":"if","locations":[{"start":{"line":27,"column":2},"end":{"line":29,"column":3}},{"start":{},"end":{}}],"line":27},"3":{"loc":{"start":{"line":27,"column":6},"end":{"line":27,"column":21}},"type":"binary-expr","locations":[{"start":{"line":27,"column":6},"end":{"line":27,"column":11}},{"start":{"line":27,"column":15},"end":{"line":27,"column":21}}],"line":27},"4":{"loc":{"start":{"line":57,"column":2},"end":{"line":57,"column":69}},"type":"if","locations":[{"start":{"line":57,"column":2},"end":{"line":57,"column":69}},{"start":{},"end":{}}],"line":57},"5":{"loc":{"start":{"line":63,"column":2},"end":{"line":63,"column":70}},"type":"if","locations":[{"start":{"line":63,"column":2},"end":{"line":63,"column":70}},{"start":{},"end":{}}],"line":63},"6":{"loc":{"start":{"line":70,"column":2},"end":{"line":70,"column":70}},"type":"if","locations":[{"start":{"line":70,"column":2},"end":{"line":70,"column":70}},{"start":{},"end":{}}],"line":70},"7":{"loc":{"start":{"line":77,"column":0},"end":{"line":80,"column":1}},"type":"if","locations":[{"start":{"line":77,"column":0},"end":{"line":80,"column":1}},{"start":{},"end":{}}],"line":77},"8":{"loc":{"start":{"line":78,"column":15},"end":{"line":78,"column":39}},"type":"binary-expr","locations":[{"start":{"line":78,"column":15},"end":{"line":78,"column":31}},{"start":{"line":78,"column":35},"end":{"line":78,"column":39}}],"line":78},"9":{"loc":{"start":{"line":86,"column":0},"end":{"line":89,"column":1}},"type":"if","locations":[{"start":{"line":86,"column":0},"end":{"line":89,"column":1}},{"start":{},"end":{}}],"line":86},"10":{"loc":{"start":{"line":87,"column":15},"end":{"line":87,"column":39}},"type":"binary-expr","locations":[{"start":{"line":87,"column":15},"end":{"line":87,"column":31}},{"start":{"line":87,"column":35},"end":{"line":87,"column":39}}],"line":87}},"s":{"0":1,"1":1,"2":1,"3":1,"4":1,"5":1,"6":4,"7":4,"8":4,"9":1,"10":0,"11":1,"12":0,"13":0,"14":0,"15":0,"16":1,"17":0,"18":1,"19":1,"20":1,"21":1,"22":1,"23":0,"24":0,"25":0,"26":1,"27":0,"28":0,"29":0,"30":0,"31":0,"32":1,"33":0,"34":0,"35":0,"36":0,"37":0,"38":0,"39":1,"40":0,"41":0,"42":0,"43":0,"44":0,"45":0,"46":1,"47":1,"48":0,"49":0,"50":0,"51":1,"52":1,"53":0,"54":0,"55":0},"f":{"0":4,"1":0,"2":0,"3":0,"4":1,"5":0,"6":0,"7":0,"8":0,"9":0,"10":0,"11":0,"12":0,"13":0},"b":{"0":[4,0],"1":[0,0],"2":[0,0],"3":[0,0],"4":[0,0],"5":[0,0],"6":[0,0],"7":[0,1],"8":[0,0],"9":[0,1],"10":[0,0]},"_coverageSchema":"1a1c01bbd47fc00a2c39e90264f33305004495a9","hash":"fd8a48d6e7ef5c722f1cd0ca749faf12dcbbf7b5"}
}
